0 info it worked if it ends with ok
1 verbose cli [ 'node', '/usr/local/bin/npm', 'install', 'uglify' ]
2 info using npm@2.0.0-beta.0
3 info using node@v0.10.31
4 verbose node symlink /usr/local/bin/node
5 verbose cache add [ 'uglify', null ]
6 verbose cache add spec="uglify" args=["uglify",null]
7 verbose parsed spec { raw: 'uglify',
7 verbose parsed spec   scope: null,
7 verbose parsed spec   name: 'uglify',
7 verbose parsed spec   rawSpec: '',
7 verbose parsed spec   spec: '*',
7 verbose parsed spec   type: 'range' }
8 verbose addNamed [ 'uglify', '*' ]
9 verbose addNamed [ null, '*' ]
10 silly lockFile 166d8baa-uglify uglify@*
11 verbose lock uglify@* /Users/carsonwright/.npm/166d8baa-uglify.lock
12 silly addNameRange { name: 'uglify', range: '*', hasData: false }
13 verbose mapToRegistry name uglify
14 verbose mapToRegistry uri https://registry.npmjs.org/uglify
15 verbose request on initialization, where is /uglify
16 verbose request after pass 1, where is /uglify
17 verbose request url raw /uglify
18 verbose request resolving registry [ 'https://registry.npmjs.org/', './uglify' ]
19 verbose request after pass 2, where is https://registry.npmjs.org/uglify
20 verbose request no auth needed
21 info retrier registry request attempt 1 at 18:59:07
22 verbose request id 2880822dbd741e02
23 http request GET https://registry.npmjs.org/uglify
24 http 404 https://registry.npmjs.org/uglify
25 verbose headers { date: 'Thu, 28 Aug 2014 22:59:08 GMT',
25 verbose headers   server: 'CouchDB/1.5.0 (Erlang OTP/R14B04)',
25 verbose headers   'content-type': 'application/json',
25 verbose headers   'cache-control': 'max-age=0',
25 verbose headers   'content-length': '52',
25 verbose headers   'accept-ranges': 'bytes',
25 verbose headers   via: '1.1 varnish',
25 verbose headers   age: '0',
25 verbose headers   'x-served-by': 'cache-iad2128-IAD',
25 verbose headers   'x-cache': 'MISS',
25 verbose headers   'x-cache-hits': '0',
25 verbose headers   'x-timer': 'S1409266748.412699,VS0,VE19',
25 verbose headers   'keep-alive': 'timeout=10, max=50',
25 verbose headers   connection: 'Keep-Alive' }
26 silly registry.get cb [ 404,
26 silly registry.get   { date: 'Thu, 28 Aug 2014 22:59:08 GMT',
26 silly registry.get     server: 'CouchDB/1.5.0 (Erlang OTP/R14B04)',
26 silly registry.get     'content-type': 'application/json',
26 silly registry.get     'cache-control': 'max-age=0',
26 silly registry.get     'content-length': '52',
26 silly registry.get     'accept-ranges': 'bytes',
26 silly registry.get     via: '1.1 varnish',
26 silly registry.get     age: '0',
26 silly registry.get     'x-served-by': 'cache-iad2128-IAD',
26 silly registry.get     'x-cache': 'MISS',
26 silly registry.get     'x-cache-hits': '0',
26 silly registry.get     'x-timer': 'S1409266748.412699,VS0,VE19',
26 silly registry.get     'keep-alive': 'timeout=10, max=50',
26 silly registry.get     connection: 'Keep-Alive' } ]
27 silly lockFile 166d8baa-uglify uglify@*
28 silly lockFile 166d8baa-uglify uglify@*
29 error 404 404 Not Found: uglify
29 error 404
29 error 404 'uglify' is not in the npm registry.
29 error 404 You should bug the author to publish it
29 error 404
29 error 404 Note that you can also install from a
29 error 404 tarball, folder, or http url, or git url.
30 error System Darwin 13.3.0
31 error command "node" "/usr/local/bin/npm" "install" "uglify"
32 error cwd /Users/carsonwright/Projects/traitify-js
33 error node -v v0.10.31
34 error npm -v 2.0.0-beta.0
35 error code E404
36 verbose exit [ 1, true ]
